<?xml version="1.0" encoding="UTF-8"?>
<!-- Generated by org.testng.reporters.JUnitXMLReporter -->
<testsuite hostname="Dell5250" ignored="0" name="Surefire test" tests="3" failures="0" timestamp="2021-03-09T16:51:35 AST" time="46.654" errors="0">
  <testcase name="loginPageTitleTest" time="0.071" classname="com.crm.qa.testcases.LoginPageTest"/>
  <testcase name="crmLogoImageTest" time="0.357" classname="com.crm.qa.testcases.LoginPageTest"/>
  <testcase name="loginTest" time="3.884" classname="com.crm.qa.testcases.LoginPageTest"/>
</testsuite> <!-- Surefire test -->
