<?xml version="1.0" encoding="UTF-8"?>
<!-- Generated by org.testng.reporters.JUnitXMLReporter -->
<testsuite ignored="0" hostname="Dell5250" failures="0" tests="3" name="FreeCRMTestCases" time="46.49" errors="0" timestamp="2021-02-02T15:28:53 AST">
  <testcase classname="com.crm.qa.testcases.LoginPageTest" name="loginPageTitleTest" time="0.097"/>
  <testcase classname="com.crm.qa.testcases.LoginPageTest" name="crmLogoImageTest" time="0.155"/>
  <testcase classname="com.crm.qa.testcases.LoginPageTest" name="loginTest" time="4.063"/>
</testsuite> <!-- FreeCRMTestCases -->
