<?xml version="1.0" encoding="UTF-8"?>
<testng-results skipped="0" failed="0" ignored="0" total="3" passed="3">
  <reporter-output>
  </reporter-output>
  <suite name="Surefire suite" duration-ms="46654" started-at="2021-03-09T16:50:48 AST" finished-at="2021-03-09T16:51:35 AST">
    <groups>
    </groups>
    <test name="Surefire test" duration-ms="46654" started-at="2021-03-09T16:50:48 AST" finished-at="2021-03-09T16:51:35 AST">
      <class name="com.crm.qa.testcases.LoginPageTest">
        <test-method status="PASS" signature="setUp()[pri:0, instance:com.crm.qa.testcases.LoginPageTest@192b07fd]" name="setUp" is-config="true" duration-ms="16078" started-at="2021-03-09T16:50:48 AST" finished-at="2021-03-09T16:51:04 AST">
          <reporter-output>
          </reporter-output>
        </test-method> <!-- setUp -->
        <test-method status="PASS" signature="loginPageTitleTest()[pri:1, instance:com.crm.qa.testcases.LoginPageTest@192b07fd]" name="loginPageTitleTest" duration-ms="71" started-at="2021-03-09T16:51:04 AST" finished-at="2021-03-09T16:51:04 AST">
          <reporter-output>
          </reporter-output>
        </test-method> <!-- loginPageTitleTest -->
        <test-method status="PASS" signature="tearDown()[pri:0, instance:com.crm.qa.testcases.LoginPageTest@192b07fd]" name="tearDown" is-config="true" duration-ms="2331" started-at="2021-03-09T16:51:04 AST" finished-at="2021-03-09T16:51:07 AST">
          <reporter-output>
          </reporter-output>
        </test-method> <!-- tearDown -->
        <test-method status="PASS" signature="setUp()[pri:0, instance:com.crm.qa.testcases.LoginPageTest@192b07fd]" name="setUp" is-config="true" duration-ms="9758" started-at="2021-03-09T16:51:07 AST" finished-at="2021-03-09T16:51:16 AST">
          <reporter-output>
          </reporter-output>
        </test-method> <!-- setUp -->
        <test-method status="PASS" signature="crmLogoImageTest()[pri:2, instance:com.crm.qa.testcases.LoginPageTest@192b07fd]" name="crmLogoImageTest" duration-ms="357" started-at="2021-03-09T16:51:16 AST" finished-at="2021-03-09T16:51:17 AST">
          <reporter-output>
          </reporter-output>
        </test-method> <!-- crmLogoImageTest -->
        <test-method status="PASS" signature="tearDown()[pri:0, instance:com.crm.qa.testcases.LoginPageTest@192b07fd]" name="tearDown" is-config="true" duration-ms="1884" started-at="2021-03-09T16:51:17 AST" finished-at="2021-03-09T16:51:19 AST">
          <reporter-output>
          </reporter-output>
        </test-method> <!-- tearDown -->
        <test-method status="PASS" signature="setUp()[pri:0, instance:com.crm.qa.testcases.LoginPageTest@192b07fd]" name="setUp" is-config="true" duration-ms="10220" started-at="2021-03-09T16:51:19 AST" finished-at="2021-03-09T16:51:29 AST">
          <reporter-output>
          </reporter-output>
        </test-method> <!-- setUp -->
        <test-method status="PASS" signature="loginTest()[pri:3, instance:com.crm.qa.testcases.LoginPageTest@192b07fd]" name="loginTest" duration-ms="3884" started-at="2021-03-09T16:51:29 AST" finished-at="2021-03-09T16:51:33 AST">
          <reporter-output>
          </reporter-output>
        </test-method> <!-- loginTest -->
        <test-method status="PASS" signature="tearDown()[pri:0, instance:com.crm.qa.testcases.LoginPageTest@192b07fd]" name="tearDown" is-config="true" duration-ms="1868" started-at="2021-03-09T16:51:33 AST" finished-at="2021-03-09T16:51:35 AST">
          <reporter-output>
          </reporter-output>
        </test-method> <!-- tearDown -->
      </class> <!-- com.crm.qa.testcases.LoginPageTest -->
    </test> <!-- Surefire test -->
  </suite> <!-- Surefire suite -->
</testng-results>
